[debug] [2020-11-15T08:30:01.471Z] ----------------------------------------------------------------------
[debug] [2020-11-15T08:30:01.477Z] Command:       C:\Program Files\nodejs\node.exe C:\Users\Ismenia Luces\AppData\Roaming\npm\node_modules\firebase-tools\lib\bin\firebase.js deploy
[debug] [2020-11-15T08:30:01.478Z] CLI Version:   8.16.2
[debug] [2020-11-15T08:30:01.478Z] Platform:      win32
[debug] [2020-11-15T08:30:01.478Z] Node Version:  v12.19.0
[debug] [2020-11-15T08:30:01.481Z] Time:          Sun Nov 15 2020 04:30:01 GMT-0400 (GMT-04:00)
[debug] [2020-11-15T08:30:01.482Z] ----------------------------------------------------------------------
[debug] [2020-11-15T08:30:01.482Z] 
[debug] [2020-11-15T08:30:01.503Z] > command requires scopes: ["email","openid","https://www.googleapis.com/auth/cloudplatformprojects.readonly","https://www.googleapis.com/auth/firebase","https://www.googleapis.com/auth/cloud-platform"]
[debug] [2020-11-15T08:30:01.505Z] > authorizing via signed-in user
[debug] [2020-11-15T08:30:01.505Z] [iam] checking project miniproyecto2-89271 for permissions ["datastore.indexes.create","datastore.indexes.delete","datastore.indexes.list","datastore.indexes.update","firebase.projects.get","firebasehosting.sites.update","firebaserules.releases.create","firebaserules.releases.update","firebaserules.rulesets.create"]
[debug] [2020-11-15T08:30:01.514Z] >>> HTTP REQUEST POST https://cloudresourcemanager.googleapis.com/v1/projects/miniproyecto2-89271:testIamPermissions  
 {"permissions":["datastore.indexes.create","datastore.indexes.delete","datastore.indexes.list","datastore.indexes.update","firebase.projects.get","firebasehosting.sites.update","firebaserules.releases.create","firebaserules.releases.update","firebaserules.rulesets.create"]}
[debug] [2020-11-15T08:30:01.641Z] [iam] error while checking permissions, command may fail: FirebaseError: Server Error. getaddrinfo ENOTFOUND cloudresourcemanager.googleapis.com
[debug] [2020-11-15T08:30:01.645Z] >>> HTTP REQUEST GET https://firebase.googleapis.com/v1beta1/projects/miniproyecto2-89271  
 
[debug] [2020-11-15T08:30:01.678Z] Server Error. getaddrinfo ENOTFOUND firebase.googleapis.com
[debug] [2020-11-15T08:30:01.683Z] FirebaseError: Server Error. getaddrinfo ENOTFOUND firebase.googleapis.com
    at Request._callback (C:\Users\Ismenia Luces\AppData\Roaming\npm\node_modules\firebase-tools\lib\api.js:32:31)
    at self.callback (C:\Users\Ismenia Luces\AppData\Roaming\npm\node_modules\firebase-tools\node_modules\request\request.js:185:22)
    at Request.emit (events.js:314:20)
    at Request.EventEmitter.emit (domain.js:483:12)
    at Request.onRequestError (C:\Users\Ismenia Luces\AppData\Roaming\npm\node_modules\firebase-tools\node_modules\request\request.js:877:8)
    at ClientRequest.emit (events.js:326:22)
    at ClientRequest.EventEmitter.emit (domain.js:483:12)
    at TLSSocket.socketErrorListener (_http_client.js:428:9)
    at TLSSocket.emit (events.js:314:20)
    at TLSSocket.EventEmitter.emit (domain.js:483:12)
    at emitErrorNT (internal/streams/destroy.js:92:8)
    at emitErrorAndCloseNT (internal/streams/destroy.js:60:3)
    at processTicksAndRejections (internal/process/task_queues.js:84:21)
[error] 
[error] Error: Failed to get Firebase project miniproyecto2-89271. Please make sure the project exists and your account has permission to access it.
[debug] [2020-11-15T08:30:35.566Z] ----------------------------------------------------------------------
[debug] [2020-11-15T08:30:35.572Z] Command:       C:\Program Files\nodejs\node.exe C:\Users\Ismenia Luces\AppData\Roaming\npm\node_modules\firebase-tools\lib\bin\firebase.js init
[debug] [2020-11-15T08:30:35.572Z] CLI Version:   8.16.2
[debug] [2020-11-15T08:30:35.573Z] Platform:      win32
[debug] [2020-11-15T08:30:35.573Z] Node Version:  v12.19.0
[debug] [2020-11-15T08:30:35.575Z] Time:          Sun Nov 15 2020 04:30:35 GMT-0400 (GMT-04:00)
[debug] [2020-11-15T08:30:35.575Z] ----------------------------------------------------------------------
[debug] [2020-11-15T08:30:35.575Z] 
[debug] [2020-11-15T08:30:35.587Z] > command requires scopes: ["email","openid","https://www.googleapis.com/auth/cloudplatformprojects.readonly","https://www.googleapis.com/auth/firebase","https://www.googleapis.com/auth/cloud-platform"]
[debug] [2020-11-15T08:30:35.589Z] > authorizing via signed-in user
[info] 
     ######## #### ########  ######## ########     ###     ######  ########
     ##        ##  ##     ## ##       ##     ##  ##   ##  ##       ##
     ######    ##  ########  ######   ########  #########  ######  ######
     ##        ##  ##    ##  ##       ##     ## ##     ##       ## ##
     ##       #### ##     ## ######## ########  ##     ##  ######  ########

You're about to initialize a Firebase project in this directory:

  C:\Users\Ismenia Luces\Documents\Miniproyecto2\quiz2

Before we get started, keep in mind:

  * You are initializing in an existing Firebase project directory

[info] 
=== Project Setup
[info] 
[info] First, let's associate this project directory with a Firebase project.
[info] You can create multiple project aliases by running firebase use --add, 
[info] but for now we'll just set up a default project.
[info] 
[info] i  .firebaserc already has a default project, using miniproyecto2-89271. 
[debug] [2020-11-15T08:31:35.624Z] >>> HTTP REQUEST GET https://firebase.googleapis.com/v1beta1/projects/miniproyecto2-89271  
 
[debug] [2020-11-15T08:31:35.780Z] Server Error. getaddrinfo ENOTFOUND firebase.googleapis.com
[debug] [2020-11-15T08:31:35.789Z] FirebaseError: Server Error. getaddrinfo ENOTFOUND firebase.googleapis.com
    at Request._callback (C:\Users\Ismenia Luces\AppData\Roaming\npm\node_modules\firebase-tools\lib\api.js:32:31)
    at self.callback (C:\Users\Ismenia Luces\AppData\Roaming\npm\node_modules\firebase-tools\node_modules\request\request.js:185:22)
    at Request.emit (events.js:314:20)
    at Request.EventEmitter.emit (domain.js:483:12)
    at Request.onRequestError (C:\Users\Ismenia Luces\AppData\Roaming\npm\node_modules\firebase-tools\node_modules\request\request.js:877:8)
    at ClientRequest.emit (events.js:326:22)
    at ClientRequest.EventEmitter.emit (domain.js:483:12)
    at TLSSocket.socketErrorListener (_http_client.js:428:9)
    at TLSSocket.emit (events.js:314:20)
    at TLSSocket.EventEmitter.emit (domain.js:483:12)
    at emitErrorNT (internal/streams/destroy.js:92:8)
    at emitErrorAndCloseNT (internal/streams/destroy.js:60:3)
    at processTicksAndRejections (internal/process/task_queues.js:84:21)
[error] 
[error] Error: Failed to get Firebase project miniproyecto2-89271. Please make sure the project exists and your account has permission to access it.
[debug] [2020-11-15T08:32:19.901Z] ----------------------------------------------------------------------
[debug] [2020-11-15T08:32:19.906Z] Command:       C:\Program Files\nodejs\node.exe C:\Users\Ismenia Luces\AppData\Roaming\npm\node_modules\firebase-tools\lib\bin\firebase.js deploy
[debug] [2020-11-15T08:32:19.907Z] CLI Version:   8.16.2
[debug] [2020-11-15T08:32:19.907Z] Platform:      win32
[debug] [2020-11-15T08:32:19.907Z] Node Version:  v12.19.0
[debug] [2020-11-15T08:32:19.910Z] Time:          Sun Nov 15 2020 04:32:19 GMT-0400 (GMT-04:00)
[debug] [2020-11-15T08:32:19.911Z] ----------------------------------------------------------------------
[debug] [2020-11-15T08:32:19.912Z] 
[debug] [2020-11-15T08:32:19.933Z] > command requires scopes: ["email","openid","https://www.googleapis.com/auth/cloudplatformprojects.readonly","https://www.googleapis.com/auth/firebase","https://www.googleapis.com/auth/cloud-platform"]
[debug] [2020-11-15T08:32:19.934Z] > authorizing via signed-in user
[debug] [2020-11-15T08:32:19.934Z] [iam] checking project miniproyecto2-89271 for permissions ["datastore.indexes.create","datastore.indexes.delete","datastore.indexes.list","datastore.indexes.update","firebase.projects.get","firebasehosting.sites.update","firebaserules.releases.create","firebaserules.releases.update","firebaserules.rulesets.create"]
[debug] [2020-11-15T08:32:19.942Z] >>> HTTP REQUEST POST https://cloudresourcemanager.googleapis.com/v1/projects/miniproyecto2-89271:testIamPermissions  
 {"permissions":["datastore.indexes.create","datastore.indexes.delete","datastore.indexes.list","datastore.indexes.update","firebase.projects.get","firebasehosting.sites.update","firebaserules.releases.create","firebaserules.releases.update","firebaserules.rulesets.create"]}
[debug] [2020-11-15T08:32:20.001Z] [iam] error while checking permissions, command may fail: FirebaseError: Server Error. getaddrinfo ENOTFOUND cloudresourcemanager.googleapis.com
[debug] [2020-11-15T08:32:20.003Z] >>> HTTP REQUEST GET https://firebase.googleapis.com/v1beta1/projects/miniproyecto2-89271  
 
[debug] [2020-11-15T08:32:20.021Z] Server Error. getaddrinfo ENOTFOUND firebase.googleapis.com
[debug] [2020-11-15T08:32:20.025Z] FirebaseError: Server Error. getaddrinfo ENOTFOUND firebase.googleapis.com
    at Request._callback (C:\Users\Ismenia Luces\AppData\Roaming\npm\node_modules\firebase-tools\lib\api.js:32:31)
    at self.callback (C:\Users\Ismenia Luces\AppData\Roaming\npm\node_modules\firebase-tools\node_modules\request\request.js:185:22)
    at Request.emit (events.js:314:20)
    at Request.EventEmitter.emit (domain.js:483:12)
    at Request.onRequestError (C:\Users\Ismenia Luces\AppData\Roaming\npm\node_modules\firebase-tools\node_modules\request\request.js:877:8)
    at ClientRequest.emit (events.js:326:22)
    at ClientRequest.EventEmitter.emit (domain.js:483:12)
    at TLSSocket.socketErrorListener (_http_client.js:428:9)
    at TLSSocket.emit (events.js:314:20)
    at TLSSocket.EventEmitter.emit (domain.js:483:12)
    at emitErrorNT (internal/streams/destroy.js:92:8)
    at emitErrorAndCloseNT (internal/streams/destroy.js:60:3)
    at processTicksAndRejections (internal/process/task_queues.js:84:21)
[error] 
[error] Error: Failed to get Firebase project miniproyecto2-89271. Please make sure the project exists and your account has permission to access it.
